<?xml version="1.0" encoding="UTF-8"?>
<!-- Generated by org.testng.reporters.JUnitReportReporter -->
<testsuite hostname="Shruthi" failures="0" tests="1" name="tests.UpdateDataTests" time="4.939" errors="0" timestamp="18 Dec 2023 02:57:50 GMT" skipped="0">
  <testcase classname="tests.UpdateDataTests" name="addDataTests_TC01" time="4.939"/>
</testsuite> <!-- tests.UpdateDataTests -->
